Determining if the pthread_create exist failed with the following output:
Change Dir: /home/srikanth/3DFaceRecontruction/build/CMakeFiles/CMakeTmp

Run Build Command:/usr/bin/make "cmTryCompileExec120171143/fast"
/usr/bin/make -f CMakeFiles/cmTryCompileExec120171143.dir/build.make CMakeFiles/cmTryCompileExec120171143.dir/build
make[1]: Entering directory `/home/srikanth/3DFaceRecontruction/build/CMakeFiles/CMakeTmp'
/usr/bin/cmake -E cmake_progress_report /home/srikanth/3DFaceRecontruction/build/CMakeFiles/CMakeTmp/CMakeFiles 1
Building C object CMakeFiles/cmTryCompileExec120171143.dir/CheckSymbolExists.c.o
/usr/bin/cc    -o CMakeFiles/cmTryCompileExec120171143.dir/CheckSymbolExists.c.o   -c /home/srikanth/3DFaceRecontruction/build/CMakeFiles/CMakeTmp/CheckSymbolExists.c
Linking C executable cmTryCompileExec120171143
/usr/bin/cmake -E cmake_link_script CMakeFiles/cmTryCompileExec120171143.dir/link.txt --verbose=1
/usr/bin/cc       CMakeFiles/cmTryCompileExec120171143.dir/CheckSymbolExists.c.o  -o cmTryCompileExec120171143 -rdynamic 
CMakeFiles/cmTryCompileExec120171143.dir/CheckSymbolExists.c.o: In function `main':
CheckSymbolExists.c:(.text+0x16): undefined reference to `pthread_create'
collect2: error: ld returned 1 exit status
make[1]: Leaving directory `/home/srikanth/3DFaceRecontruction/build/CMakeFiles/CMakeTmp'
make[1]: *** [cmTryCompileExec120171143] Error 1
make: *** [cmTryCompileExec120171143/fast] Error 2

File /home/srikanth/3DFaceRecontruction/build/CMakeFiles/CMakeTmp/CheckSymbolExists.c:
/* */
#include <pthread.h>

int main(int argc, char** argv)
{
  (void)argv;
#ifndef pthread_create
  return ((int*)(&pthread_create))[argc];
#else
  (void)argc;
  return 0;
#endif
}

Determining if the function pthread_create exists in the pthreads failed with the following output:
Change Dir: /home/srikanth/3DFaceRecontruction/build/CMakeFiles/CMakeTmp

Run Build Command:/usr/bin/make "cmTryCompileExec3622614376/fast"
/usr/bin/make -f CMakeFiles/cmTryCompileExec3622614376.dir/build.make CMakeFiles/cmTryCompileExec3622614376.dir/build
make[1]: Entering directory `/home/srikanth/3DFaceRecontruction/build/CMakeFiles/CMakeTmp'
/usr/bin/cmake -E cmake_progress_report /home/srikanth/3DFaceRecontruction/build/CMakeFiles/CMakeTmp/CMakeFiles 1
Building C object CMakeFiles/cmTryCompileExec3622614376.dir/CheckFunctionExists.c.o
/usr/bin/cc   -DCHECK_FUNCTION_EXISTS=pthread_create   -o CMakeFiles/cmTryCompileExec3622614376.dir/CheckFunctionExists.c.o   -c /usr/share/cmake-2.8/Modules/CheckFunctionExists.c
Linking C executable cmTryCompileExec3622614376
/usr/bin/cmake -E cmake_link_script CMakeFiles/cmTryCompileExec3622614376.dir/link.txt --verbose=1
/usr/bin/cc   -DCHECK_FUNCTION_EXISTS=pthread_create    CMakeFiles/cmTryCompileExec3622614376.dir/CheckFunctionExists.c.o  -o cmTryCompileExec3622614376 -rdynamic -lpthreads 
/usr/bin/ld: cannot find -lpthreads
collect2: error: ld returned 1 exit status
make[1]: Leaving directory `/home/srikanth/3DFaceRecontruction/build/CMakeFiles/CMakeTmp'
make[1]: *** [cmTryCompileExec3622614376] Error 1
make: *** [cmTryCompileExec3622614376/fast] Error 2


Determining if the function sgetrf_single exists failed with the following output:
Change Dir: /home/srikanth/3DFaceRecontruction/build/CMakeFiles/CMakeTmp

Run Build Command:/usr/bin/make "cmTryCompileExec1520819898/fast"
/usr/bin/make -f CMakeFiles/cmTryCompileExec1520819898.dir/build.make CMakeFiles/cmTryCompileExec1520819898.dir/build
make[1]: Entering directory `/home/srikanth/3DFaceRecontruction/build/CMakeFiles/CMakeTmp'
/usr/bin/cmake -E cmake_progress_report /home/srikanth/3DFaceRecontruction/build/CMakeFiles/CMakeTmp/CMakeFiles 1
Building C object CMakeFiles/cmTryCompileExec1520819898.dir/CheckFunctionExists.c.o
/usr/bin/cc   -DCHECK_FUNCTION_EXISTS=sgetrf_single   -o CMakeFiles/cmTryCompileExec1520819898.dir/CheckFunctionExists.c.o   -c /usr/share/cmake-2.8/Modules/CheckFunctionExists.c
Linking C executable cmTryCompileExec1520819898
/usr/bin/cmake -E cmake_link_script CMakeFiles/cmTryCompileExec1520819898.dir/link.txt --verbose=1
/usr/bin/cc   -DCHECK_FUNCTION_EXISTS=sgetrf_single    CMakeFiles/cmTryCompileExec1520819898.dir/CheckFunctionExists.c.o  -o cmTryCompileExec1520819898 -rdynamic -lopenblas 
CMakeFiles/cmTryCompileExec1520819898.dir/CheckFunctionExists.c.o: In function `main':
CheckFunctionExists.c:(.text+0x15): undefined reference to `sgetrf_single'
collect2: error: ld returned 1 exit status
make[1]: Leaving directory `/home/srikanth/3DFaceRecontruction/build/CMakeFiles/CMakeTmp'
make[1]: *** [cmTryCompileExec1520819898] Error 1
make: *** [cmTryCompileExec1520819898/fast] Error 2


